IBeaconPoC/IBeaconPoC/build/outputs/logs/manifest-merger-release-report.txt
-- Merging decision tree log ---
manifest
ADDED from AndroidManifest.xml:1:1
	xmlns:android
		ADDED from AndroidManifest.xml:1:11
	package
		ADDED from AndroidManifest.xml:2:5
		INJECTED from AndroidManifest.xml:0:0
		INJECTED from AndroidManifest.xml:0:0
	android:versionName
		ADDED from AndroidManifest.xml:4:5
	android:versionCode
		ADDED from AndroidManifest.xml:3:5
		INJECTED from AndroidManifest.xml:0:0
		INJECTED from AndroidManifest.xml:0:0
	android:installLocation
		ADDED from AndroidManifest.xml:5:5
uses-sdk
ADDED from AndroidManifest.xml:7:5
MERGED from org.altbeacon:android-beacon-library:2.7:7:5
MERGED from IBeaconPoC:googleplayservices_lib:unspecified:23:5
	android:targetSdkVersion
		ADDED from AndroidManifest.xml:9:9
		INJECTED from AndroidManifest.xml:0:0
		INJECTED from AndroidManifest.xml:0:0
	android:minSdkVersion
		ADDED from AndroidManifest.xml:8:9
		INJECTED from AndroidManifest.xml:0:0
		INJECTED from AndroidManifest.xml:0:0
uses-permission#android.permission.BLUETOOTH
ADDED from AndroidManifest.xml:10:5
MERGED from org.altbeacon:android-beacon-library:2.7:11:5
	android:name
		ADDED from AndroidManifest.xml:10:22
uses-permission#android.permission.BLUETOOTH_ADMIN
ADDED from AndroidManifest.xml:11:5
MERGED from org.altbeacon:android-beacon-library:2.7:12:5
	android:name
		ADDED from AndroidManifest.xml:11:22
uses-permission#android.permission.WRITE_EXTERNAL_STORAGE
ADDED from AndroidManifest.xml:12:2
	android:name
		ADDED from AndroidManifest.xml:12:19
uses-permission#android.permission.ACCESS_FINE_LOCATION
ADDED from AndroidManifest.xml:13:2
	android:name
		ADDED from AndroidManifest.xml:13:19
application
ADDED from AndroidManifest.xml:17:5
MERGED from org.altbeacon:android-beacon-library:2.7:17:5
MERGED from IBeaconPoC:googleplayservices_lib:unspecified:27:5
	android:label
		ADDED from AndroidManifest.xml:21:9
	android:allowBackup
		ADDED from AndroidManifest.xml:19:9
	android:icon
		ADDED from AndroidManifest.xml:20:9
	android:name
		ADDED from AndroidManifest.xml:18:9
meta-data#com.google.android.gms.version
ADDED from AndroidManifest.xml:23:9
	android:name
		ADDED from AndroidManifest.xml:23:20
	android:value
		ADDED from AndroidManifest.xml:24:9
activity#net.jmodwyer.beacon.beaconPoC.ScanActivity
ADDED from AndroidManifest.xml:26:9
	android:label
		ADDED from AndroidManifest.xml:29:13
	android:configChanges
		ADDED from AndroidManifest.xml:28:13
	android:name
		ADDED from AndroidManifest.xml:27:13
intent-filter#android.intent.action.MAIN+android.intent.category.LAUNCHER
ADDED from AndroidManifest.xml:30:13
action#android.intent.action.MAIN
ADDED from AndroidManifest.xml:31:5
	android:name
		ADDED from AndroidManifest.xml:31:13
category#android.intent.category.LAUNCHER
ADDED from AndroidManifest.xml:32:17
	android:name
		ADDED from AndroidManifest.xml:32:27
activity#net.jmodwyer.beacon.beaconPoC.AppPreferenceActivity
ADDED from AndroidManifest.xml:36:9
	android:label
		ADDED from AndroidManifest.xml:38:13
	android:name
		ADDED from AndroidManifest.xml:37:13
intent-filter#android.intent.category.DEFAULT+net.jmodwyer.ibeacon.ibeaconPoC.AppPreferenceActivity
ADDED from AndroidManifest.xml:39:13
action#net.jmodwyer.ibeacon.ibeaconPoC.AppPreferenceActivity
ADDED from AndroidManifest.xml:40:5
	android:name
		ADDED from AndroidManifest.xml:40:13
category#android.intent.category.DEFAULT
ADDED from AndroidManifest.xml:41:17
	android:name
		ADDED from AndroidManifest.xml:41:27
activity#net.jmodwyer.beacon.beaconPoC.FileHandlerActivity
ADDED from AndroidManifest.xml:45:9
	android:label
		ADDED from AndroidManifest.xml:47:10
	android:parentActivityName
		ADDED from AndroidManifest.xml:48:10
	android:name
		ADDED from AndroidManifest.xml:46:10
meta-data#android.support.PARENT_ACTIVITY
ADDED from AndroidManifest.xml:50:10
	android:name
		ADDED from AndroidManifest.xml:51:14
	android:value
		ADDED from AndroidManifest.xml:52:14
uses-permission#android.permission.RECEIVE_BOOT_COMPLETED
ADDED from org.altbeacon:android-beacon-library:2.7:13:5
	android:name
		ADDED from org.altbeacon:android-beacon-library:2.7:13:22
uses-permission-sdk-23
ADDED from org.altbeacon:android-beacon-library:2.7:15:5
	android:name
		ADDED from org.altbeacon:android-beacon-library:2.7:15:29
receiver#org.altbeacon.beacon.startup.StartupBroadcastReceiver
ADDED from org.altbeacon:android-beacon-library:2.7:18:9
	android:name
		ADDED from org.altbeacon:android-beacon-library:2.7:18:19
intent-filter#android.intent.action.ACTION_POWER_CONNECTED+android.intent.action.ACTION_POWER_DISCONNECTED+android.intent.action.BOOT_COMPLETED
ADDED from org.altbeacon:android-beacon-library:2.7:19:13
action#android.intent.action.BOOT_COMPLETED
ADDED from org.altbeacon:android-beacon-library:2.7:20:17
	android:name
		ADDED from org.altbeacon:android-beacon-library:2.7:20:25
action#android.intent.action.ACTION_POWER_CONNECTED
ADDED from org.altbeacon:android-beacon-library:2.7:21:17
	android:name
		ADDED from org.altbeacon:android-beacon-library:2.7:21:25
action#android.intent.action.ACTION_POWER_DISCONNECTED
ADDED from org.altbeacon:android-beacon-library:2.7:22:17
	android:name
		ADDED from org.altbeacon:android-beacon-library:2.7:22:25
service#org.altbeacon.beacon.service.BeaconService
ADDED from org.altbeacon:android-beacon-library:2.7:26:9
	android:label
		ADDED from org.altbeacon:android-beacon-library:2.7:31:13
	android:isolatedProcess
		ADDED from org.altbeacon:android-beacon-library:2.7:30:13
	android:exported
		ADDED from org.altbeacon:android-beacon-library:2.7:29:13
	android:enabled
		ADDED from org.altbeacon:android-beacon-library:2.7:28:13
	android:name
		ADDED from org.altbeacon:android-beacon-library:2.7:27:13
service#org.altbeacon.beacon.BeaconIntentProcessor
ADDED from org.altbeacon:android-beacon-library:2.7:32:9
	android:exported
		ADDED from org.altbeacon:android-beacon-library:2.7:35:13
	android:enabled
		ADDED from org.altbeacon:android-beacon-library:2.7:34:13
	android:name
		ADDED from org.altbeacon:android-beacon-library:2.7:33:13